Log file open, 04/05/20 21:41:40
LogWindows: Failed to load 'aqProf.dll' (GetLastError=126)
LogWindows: File 'aqProf.dll' does not exist
LogWindows: Failed to load 'VtuneApi.dll' (GetLastError=126)
LogWindows: File 'VtuneApi.dll' does not exist
LogWindows: Failed to load 'VtuneApi32e.dll' (GetLastError=126)
LogWindows: File 'VtuneApi32e.dll' does not exist
LogConsoleResponse: Display: Failed to find resolution value strings in scalability ini. Falling back to default.
LogPakFile: Display: Found Pak file ../../../RandomRogue/Content/Paks/RandomRogue-WindowsNoEditor.pak attempting to mount.
LogPakFile: Display: Mounting pak file ../../../RandomRogue/Content/Paks/RandomRogue-WindowsNoEditor.pak.
LogPlatformFile: Not using cached read wrapper
LogTaskGraph: Started task graph with 5 named threads and 47 total threads with 3 sets of task threads.
LogStats: Stats thread started at 0.193433
LogD3D11RHI: Loaded GFSDK_Aftermath_Lib.x64.dll
LogICUInternationalization: ICU TimeZone Detection - Raw Offset: -5:00, Platform Override: ''
LogPluginManager: Mounting plugin DungeonArchitect
LogPluginManager: Mounting plugin AdvancedSessions
LogPluginManager: Mounting plugin OnlineSubsystem
LogPluginManager: Mounting plugin OnlineSubsystemUtils
LogPluginManager: Mounting plugin AdvancedSteamSessions
LogPluginManager: Mounting plugin OnlineSubsystemSteam
LogPluginManager: Mounting plugin SteamShared
LogPluginManager: Mounting plugin GameplayAbilities
LogPluginManager: Mounting plugin GameplayTagsEditor
LogPluginManager: Mounting plugin Paper2D
LogPluginManager: Mounting plugin AISupport
LogPluginManager: Mounting plugin LightPropagationVolume
LogPluginManager: Mounting plugin AnimationSharing
LogPluginManager: Mounting plugin SignificanceManager
LogPluginManager: Mounting plugin UObjectPlugin
LogPluginManager: Mounting plugin AssetManagerEditor
LogPluginManager: Mounting plugin FacialAnimation
LogPluginManager: Mounting plugin DatasmithContent
LogPluginManager: Mounting plugin VariantManagerContent
LogPluginManager: Mounting plugin AlembicImporter
LogPluginManager: Mounting plugin GeometryCache
LogPluginManager: Mounting plugin AutomationUtils
LogPluginManager: Mounting plugin ScreenshotTools
LogPluginManager: Mounting plugin BackChannel
LogPluginManager: Mounting plugin CharacterAI
LogPluginManager: Mounting plugin PlatformCrypto
LogPluginManager: Mounting plugin MagicLeap
LogPluginManager: Mounting plugin MLSDK
LogPluginManager: Mounting plugin AvfMedia
LogPluginManager: Mounting plugin ImgMedia
LogPluginManager: Mounting plugin MediaCompositing
LogPluginManager: Mounting plugin WmfMedia
LogPluginManager: Mounting plugin TcpMessaging
LogPluginManager: Mounting plugin UdpMessaging
LogPluginManager: Mounting plugin ActorSequence
LogPluginManager: Mounting plugin NetcodeUnitTest
LogPluginManager: Mounting plugin OnlineSubsystemNull
LogPluginManager: Mounting plugin LauncherChunkInstaller
LogPluginManager: Mounting plugin AndroidPermission
LogPluginManager: Mounting plugin AppleImageUtils
LogPluginManager: Mounting plugin ArchVisCharacter
LogPluginManager: Mounting plugin AssetTags
LogPluginManager: Mounting plugin AudioCapture
LogPluginManager: Mounting plugin CableComponent
LogPluginManager: Mounting plugin CustomMeshComponent
LogPluginManager: Mounting plugin EditableMesh
LogPluginManager: Mounting plugin ExampleDeviceProfileSelector
LogPluginManager: Mounting plugin LocationServicesBPLibrary
LogPluginManager: Mounting plugin MobilePatchingUtils
LogPluginManager: Mounting plugin PhysXVehicles
LogPluginManager: Mounting plugin ProceduralMeshComponent
LogPluginManager: Mounting plugin RuntimePhysXCooking
LogPluginManager: Mounting plugin WebMMoviePlayer
LogPluginManager: Mounting plugin WebMMedia
LogPluginManager: Mounting plugin WindowsMoviePlayer
LogInit: Using libcurl 7.55.1-DEV
LogInit:  - built for x86_64-pc-win32
LogInit:  - supports SSL with OpenSSL/1.1.1
LogInit:  - supports HTTP deflate (compression) using libz 1.2.8
LogInit:  - other features:
LogInit:      CURL_VERSION_SSL
LogInit:      CURL_VERSION_LIBZ
LogInit:      CURL_VERSION_IPV6
LogInit:      CURL_VERSION_ASYNCHDNS
LogInit:      CURL_VERSION_LARGEFILE
LogInit:      CURL_VERSION_IDN
LogInit:  CurlRequestOptions (configurable via config and command line):
LogInit:  - bVerifyPeer = true  - Libcurl will verify peer certificate
LogInit:  - bUseHttpProxy = false  - Libcurl will NOT use HTTP proxy
LogInit:  - bDontReuseConnections = false  - Libcurl will reuse connections
LogInit:  - MaxHostConnections = 16  - Libcurl will limit the number of connections to a host
LogInit:  - LocalHostAddr = Default
LogInit:  - BufferSize = 65536
LogSteamShared: Display: Loading Steam SDK 1.46
LogSteamShared: Steam SDK Loaded!
LogOnline: OSS: Creating online subsystem instance for: Steam
LogOnline: STEAM: Steam User is subscribed 1
LogOnline: STEAM: [AppId: 1285720] Client API initialized 1
LogOnline: STEAM: [AppId: 1285720] Game Server API initialized 1
LogOnline: STEAM: Initializing SteamNetworking Layer
LogOnline: STEAM: Missing P2PCleanupTimeout key in OnlineSubsystemSteam of DefaultEngine.ini, using default
LogInit: WinSock: version 1.1 (2.2), MaxSocks=32767, MaxUdp=65467
LogOnline: OSS: TryLoadSubsystemAndSetDefault: Loaded subsystem for module [Steam]
LogInit: Build: ++UE4+Release-4.24-CL-11590370
LogInit: Engine Version: 4.24.3-11590370+++UE4+Release-4.24
LogInit: Compatible Engine Version: 4.24.0-10570792+++UE4+Release-4.24
LogInit: Net CL: 10570792
LogInit: OS: Windows 10 (Release 1903) (), CPU: AMD Ryzen 7 3800X 8-Core Processor             , GPU: NVIDIA GeForce RTX 2070
LogInit: Compiled (64-bit): Feb 24 2020 20:52:55
LogInit: Compiled with Visual C++: 19.16.27032.01
LogInit: Build Configuration: Development
LogInit: Branch Name: ++UE4+Release-4.24
LogInit: Command Line: 
LogInit: Base Directory: L:/GameDev/RogueryBuilds/WindowsNoEditor/RandomRogue/Binaries/Win64/
LogInit: Installed Engine Build: 0
LogDevObjectVersion: Number of dev versions registered: 25
LogDevObjectVersion:   Dev-Blueprints (B0D832E4-1F89-4F0D-ACCF-7EB736FD4AA2): 10
LogDevObjectVersion:   Dev-Build (E1C64328-A22C-4D53-A36C-8E866417BD8C): 0
LogDevObjectVersion:   Dev-Core (375EC13C-06E4-48FB-B500-84F0262A717E): 3
LogDevObjectVersion:   Dev-Editor (E4B068ED-F494-42E9-A231-DA0B2E46BB41): 37
LogDevObjectVersion:   Dev-Framework (CFFC743F-43B0-4480-9391-14DF171D2073): 36
LogDevObjectVersion:   Dev-Mobile (B02B49B5-BB20-44E9-A304-32B752E40360): 2
LogDevObjectVersion:   Dev-Networking (A4E4105C-59A1-49B5-A7C5-40C4547EDFEE): 0
LogDevObjectVersion:   Dev-Online (39C831C9-5AE6-47DC-9A44-9C173E1C8E7C): 0
LogDevObjectVersion:   Dev-Physics (78F01B33-EBEA-4F98-B9B4-84EACCB95AA2): 2
LogDevObjectVersion:   Dev-Platform (6631380F-2D4D-43E0-8009-CF276956A95A): 0
LogDevObjectVersion:   Dev-Rendering (12F88B9F-8875-4AFC-A67C-D90C383ABD29): 36
LogDevObjectVersion:   Dev-Sequencer (7B5AE74C-D270-4C10-A958-57980B212A5A): 11
LogDevObjectVersion:   Dev-VR (D7296918-1DD6-4BDD-9DE2-64A83CC13884): 2
LogDevObjectVersion:   Dev-LoadTimes (C2A15278-BFE7-4AFE-6C17-90FF531DF755): 1
LogDevObjectVersion:   Private-Geometry (6EACA3D4-40EC-4CC1-B786-8BED09428FC5): 3
LogDevObjectVersion:   Dev-AnimPhys (29E575DD-E0A3-4627-9D10-D276232CDCEA): 17
LogDevObjectVersion:   Dev-Anim (AF43A65D-7FD3-4947-9873-3E8ED9C1BB05): 2
LogDevObjectVersion:   Dev-ReflectionCapture (6B266CEC-1EC7-4B8F-A30B-E4D90942FC07): 1
LogDevObjectVersion:   Dev-Automation (0DF73D61-A23F-47EA-B727-89E90C41499A): 1
LogDevObjectVersion:   FortniteMain (601D1886-AC64-4F84-AA16-D3DE0DEAC7D6): 31
LogDevObjectVersion:   Dev-Enterprise (9DFFBCD6-494F-0158-E221-12823C92A888): 8
LogDevObjectVersion:   Dev-Niagara (F2AED0AC-9AFE-416F-8664-AA7FFA26D6FC): 1
LogDevObjectVersion:   Dev-Destruction (174F1F0B-B4C6-45A5-B13F-2EE8D0FB917D): 9
LogDevObjectVersion:   Dev-Physics-Ext (35F94A83-E258-406C-A318-09F59610247C): 8
LogDevObjectVersion:   Dev-CineCamera (B2E18506-4273-CFC2-A54E-F4BB758BBA07): 1
LogInit: Presizing for max 2097152 objects, including 1 objects not considered by GC, pre-allocating 0 bytes for permanent pool.
LogStreaming: Display: Async Loading initialized: Event Driven Loader: true, Async Loading Thread: false, Async Post Load: true
LogInit: Object subsystem initialized
LogConfig: Setting CVar [[con.DebugEarlyDefault:1]]
LogConfig: Setting CVar [[r.setres:1280x720]]
[2020.04.06-01.41.41:471][  0]LogConfig: Setting CVar [[con.DebugEarlyDefault:1]]
[2020.04.06-01.41.41:471][  0]LogConfig: Setting CVar [[r.setres:1280x720]]
[2020.04.06-01.41.41:472][  0]LogConfig: Applying CVar settings from Section [/Script/Engine.RendererSettings] File [../../../RandomRogue/Saved/Config/WindowsNoEditor/Engine.ini]
[2020.04.06-01.41.41:472][  0]LogConfig: Setting CVar [[r.GPUCrashDebugging:0]]
[2020.04.06-01.41.41:472][  0]LogConfig: Setting CVar [[r.DefaultFeature.AutoExposure:0]]
[2020.04.06-01.41.41:472][  0]LogConfig: Applying CVar settings from Section [/Script/Engine.RendererOverrideSettings] File [../../../RandomRogue/Saved/Config/WindowsNoEditor/Engine.ini]
[2020.04.06-01.41.41:472][  0]LogConfig: Applying CVar settings from Section [/Script/Engine.StreamingSettings] File [../../../RandomRogue/Saved/Config/WindowsNoEditor/Engine.ini]
[2020.04.06-01.41.41:472][  0]LogConfig: Setting CVar [[s.MinBulkDataSizeForAsyncLoading:131072]]
[2020.04.06-01.41.41:472][  0]LogConfig: Setting CVar [[s.AsyncLoadingThreadEnabled:0]]
[2020.04.06-01.41.41:472][  0]LogConfig: Setting CVar [[s.EventDrivenLoaderEnabled:1]]
[2020.04.06-01.41.41:472][  0]LogConfig: Setting CVar [[s.WarnIfTimeLimitExceeded:0]]
[2020.04.06-01.41.41:472][  0]LogConfig: Setting CVar [[s.TimeLimitExceededMultiplier:1.5]]
[2020.04.06-01.41.41:472][  0]LogConfig: Setting CVar [[s.TimeLimitExceededMinTime:0.005]]
[2020.04.06-01.41.41:472][  0]LogConfig: Setting CVar [[s.UseBackgroundLevelStreaming:1]]
[2020.04.06-01.41.41:472][  0]LogConfig: Setting CVar [[s.PriorityAsyncLoadingExtraTime:15.0]]
[2020.04.06-01.41.41:472][  0]LogConfig: Setting CVar [[s.LevelStreamingActorsUpdateTimeLimit:5.0]]
[2020.04.06-01.41.41:472][  0]LogConfig: Setting CVar [[s.PriorityLevelStreamingActorsUpdateExtraTime:5.0]]
[2020.04.06-01.41.41:472][  0]LogConfig: Setting CVar [[s.LevelStreamingComponentsRegistrationGranularity:10]]
[2020.04.06-01.41.41:472][  0]LogConfig: Setting CVar [[s.UnregisterComponentsTimeLimit:1.0]]
[2020.04.06-01.41.41:472][  0]LogConfig: Setting CVar [[s.LevelStreamingComponentsUnregistrationGranularity:5]]
[2020.04.06-01.41.41:472][  0]LogConfig: Setting CVar [[s.FlushStreamingOnExit:1]]
[2020.04.06-01.41.41:472][  0]LogConfig: Applying CVar settings from Section [/Script/Engine.GarbageCollectionSettings] File [../../../RandomRogue/Saved/Config/WindowsNoEditor/Engine.ini]
[2020.04.06-01.41.41:472][  0]LogConfig: Setting CVar [[gc.MaxObjectsNotConsideredByGC:1]]
[2020.04.06-01.41.41:472][  0]LogConfig: Setting CVar [[gc.SizeOfPermanentObjectPool:0]]
[2020.04.06-01.41.41:472][  0]LogConfig: Setting CVar [[gc.FlushStreamingOnGC:0]]
[2020.04.06-01.41.41:472][  0]LogConfig: Setting CVar [[gc.NumRetriesBeforeForcingGC:10]]
[2020.04.06-01.41.41:472][  0]LogConfig: Setting CVar [[gc.AllowParallelGC:1]]
[2020.04.06-01.41.41:472][  0]LogConfig: Setting CVar [[gc.TimeBetweenPurgingPendingKillObjects:61.1]]
[2020.04.06-01.41.41:472][  0]LogConfig: Setting CVar [[gc.MaxObjectsInEditor:25165824]]
[2020.04.06-01.41.41:472][  0]LogConfig: Setting CVar [[gc.IncrementalBeginDestroyEnabled:1]]
[2020.04.06-01.41.41:472][  0]LogConfig: Setting CVar [[gc.CreateGCClusters:1]]
[2020.04.06-01.41.41:472][  0]LogConfig: Setting CVar [[gc.MinGCClusterSize:5]]
[2020.04.06-01.41.41:472][  0]LogConfig: Setting CVar [[gc.ActorClusteringEnabled:0]]
[2020.04.06-01.41.41:472][  0]LogConfig: Setting CVar [[gc.BlueprintClusteringEnabled:0]]
[2020.04.06-01.41.41:472][  0]LogConfig: Setting CVar [[gc.UseDisregardForGCOnDedicatedServers:0]]
[2020.04.06-01.41.41:472][  0]LogConfig: Applying CVar settings from Section [/Script/Engine.NetworkSettings] File [../../../RandomRogue/Saved/Config/WindowsNoEditor/Engine.ini]
[2020.04.06-01.41.41:476][  0]LogConfig: Applying CVar settings from Section [ViewDistanceQuality@3] File [../../../RandomRogue/Saved/Config/WindowsNoEditor/Scalability.ini]
[2020.04.06-01.41.41:476][  0]LogConfig: Setting CVar [[r.SkeletalMeshLODBias:0]]
[2020.04.06-01.41.41:476][  0]LogConfig: Setting CVar [[r.ViewDistanceScale:1.0]]
[2020.04.06-01.41.41:476][  0]LogConfig: Applying CVar settings from Section [AntiAliasingQuality@3] File [../../../RandomRogue/Saved/Config/WindowsNoEditor/Scalability.ini]
[2020.04.06-01.41.41:476][  0]LogConfig: Setting CVar [[r.PostProcessAAQuality:4]]
[2020.04.06-01.41.41:476][  0]LogConfig: Applying CVar settings from Section [ShadowQuality@3] File [../../../RandomRogue/Saved/Config/WindowsNoEditor/Scalability.ini]
[2020.04.06-01.41.41:476][  0]LogConfig: Setting CVar [[r.LightFunctionQuality:1]]
[2020.04.06-01.41.41:476][  0]LogConfig: Setting CVar [[r.ShadowQuality:5]]
[2020.04.06-01.41.41:476][  0]LogConfig: Setting CVar [[r.Shadow.CSM.MaxCascades:10]]
[2020.04.06-01.41.41:476][  0]LogConfig: Setting CVar [[r.Shadow.MaxResolution:2048]]
[2020.04.06-01.41.41:476][  0]LogConfig: Setting CVar [[r.Shadow.MaxCSMResolution:2048]]
[2020.04.06-01.41.41:476][  0]LogConfig: Setting CVar [[r.Shadow.RadiusThreshold:0.01]]
[2020.04.06-01.41.41:476][  0]LogConfig: Setting CVar [[r.Shadow.DistanceScale:1.0]]
[2020.04.06-01.41.41:476][  0]LogConfig: Setting CVar [[r.Shadow.CSM.TransitionScale:1.0]]
[2020.04.06-01.41.41:476][  0]LogConfig: Setting CVar [[r.Shadow.PreShadowResolutionFactor:1.0]]
[2020.04.06-01.41.41:476][  0]LogConfig: Setting CVar [[r.DistanceFieldShadowing:1]]
[2020.04.06-01.41.41:476][  0]LogConfig: Setting CVar [[r.DistanceFieldAO:1]]
[2020.04.06-01.41.41:476][  0]LogConfig: Setting CVar [[r.AOQuality:2]]
[2020.04.06-01.41.41:476][  0]LogConfig: Setting CVar [[r.VolumetricFog:1]]
[2020.04.06-01.41.41:476][  0]LogConfig: Setting CVar [[r.VolumetricFog.GridPixelSize:8]]
[2020.04.06-01.41.41:476][  0]LogConfig: Setting CVar [[r.VolumetricFog.GridSizeZ:128]]
[2020.04.06-01.41.41:476][  0]LogConfig: Setting CVar [[r.VolumetricFog.HistoryMissSupersampleCount:4]]
[2020.04.06-01.41.41:476][  0]LogConfig: Setting CVar [[r.LightMaxDrawDistanceScale:1]]
[2020.04.06-01.41.41:476][  0]LogConfig: Setting CVar [[r.CapsuleShadows:1]]
[2020.04.06-01.41.41:476][  0]LogConfig: Applying CVar settings from Section [PostProcessQuality@3] File [../../../RandomRogue/Saved/Config/WindowsNoEditor/Scalability.ini]
[2020.04.06-01.41.41:476][  0]LogConfig: Setting CVar [[r.MotionBlurQuality:4]]
[2020.04.06-01.41.41:476][  0]LogConfig: Setting CVar [[r.AmbientOcclusionMipLevelFactor:0.4]]
[2020.04.06-01.41.41:476][  0]LogConfig: Setting CVar [[r.AmbientOcclusionMaxQuality:100]]
[2020.04.06-01.41.41:476][  0]LogConfig: Setting CVar [[r.AmbientOcclusionLevels:-1]]
[2020.04.06-01.41.41:476][  0]LogConfig: Setting CVar [[r.AmbientOcclusionRadiusScale:1.0]]
[2020.04.06-01.41.41:476][  0]LogConfig: Setting CVar [[r.DepthOfFieldQuality:2]]
[2020.04.06-01.41.41:476][  0]LogConfig: Setting CVar [[r.RenderTargetPoolMin:400]]
[2020.04.06-01.41.41:476][  0]LogConfig: Setting CVar [[r.LensFlareQuality:2]]
[2020.04.06-01.41.41:476][  0]LogConfig: Setting CVar [[r.SceneColorFringeQuality:1]]
[2020.04.06-01.41.41:476][  0]LogConfig: Setting CVar [[r.EyeAdaptationQuality:2]]
[2020.04.06-01.41.41:476][  0]LogConfig: Setting CVar [[r.BloomQuality:5]]
[2020.04.06-01.41.41:476][  0]LogConfig: Setting CVar [[r.FastBlurThreshold:100]]
[2020.04.06-01.41.41:476][  0]LogConfig: Setting CVar [[r.Upscale.Quality:3]]
[2020.04.06-01.41.41:476][  0]LogConfig: Setting CVar [[r.Tonemapper.GrainQuantization:1]]
[2020.04.06-01.41.41:476][  0]LogConfig: Setting CVar [[r.LightShaftQuality:1]]
[2020.04.06-01.41.41:476][  0]LogConfig: Setting CVar [[r.Filter.SizeScale:1]]
[2020.04.06-01.41.41:476][  0]LogConfig: Setting CVar [[r.Tonemapper.Quality:5]]
[2020.04.06-01.41.41:476][  0]LogConfig: Setting CVar [[r.DOF.Gather.AccumulatorQuality:1        ; higher gathering accumulator quality]]
[2020.04.06-01.41.41:476][  0]LogConfig: Setting CVar [[r.DOF.Gather.PostfilterMethod:1          ; Median3x3 postfilering method]]
[2020.04.06-01.41.41:476][  0]LogConfig: Setting CVar [[r.DOF.Gather.EnableBokehSettings:0       ; no bokeh simulation when gathering]]
[2020.04.06-01.41.41:476][  0]LogConfig: Setting CVar [[r.DOF.Gather.RingCount:4                 ; medium number of samples when gathering]]
[2020.04.06-01.41.41:476][  0]LogConfig: Setting CVar [[r.DOF.Scatter.ForegroundCompositing:1    ; additive foreground scattering]]
[2020.04.06-01.41.41:476][  0]LogConfig: Setting CVar [[r.DOF.Scatter.BackgroundCompositing:2    ; additive background scattering]]
[2020.04.06-01.41.41:476][  0]LogConfig: Setting CVar [[r.DOF.Scatter.EnableBokehSettings:1      ; bokeh simulation when scattering]]
[2020.04.06-01.41.41:476][  0]LogConfig: Setting CVar [[r.DOF.Scatter.MaxSpriteRatio:0.1         ; only a maximum of 10% of scattered bokeh]]
[2020.04.06-01.41.41:476][  0]LogConfig: Setting CVar [[r.DOF.Recombine.Quality:1                ; cheap slight out of focus]]
[2020.04.06-01.41.41:476][  0]LogConfig: Setting CVar [[r.DOF.Recombine.EnableBokehSettings:0    ; no bokeh simulation on slight out of focus]]
[2020.04.06-01.41.41:476][  0]LogConfig: Setting CVar [[r.DOF.TemporalAAQuality:1                ; more stable temporal accumulation]]
[2020.04.06-01.41.41:476][  0]LogConfig: Setting CVar [[r.DOF.Kernel.MaxForegroundRadius:0.025]]
[2020.04.06-01.41.41:476][  0]LogConfig: Setting CVar [[r.DOF.Kernel.MaxBackgroundRadius:0.025]]
[2020.04.06-01.41.41:476][  0]LogConfig: Applying CVar settings from Section [TextureQuality@3] File [../../../RandomRogue/Saved/Config/WindowsNoEditor/Scalability.ini]
[2020.04.06-01.41.41:476][  0]LogConfig: Setting CVar [[r.Streaming.MipBias:0]]
[2020.04.06-01.41.41:476][  0]LogConfig: Setting CVar [[r.Streaming.AmortizeCPUToGPUCopy:0]]
[2020.04.06-01.41.41:476][  0]LogConfig: Setting CVar [[r.Streaming.MaxNumTexturesToStreamPerFrame:0]]
[2020.04.06-01.41.41:476][  0]LogConfig: Setting CVar [[r.Streaming.Boost:1]]
[2020.04.06-01.41.41:476][  0]LogConfig: Setting CVar [[r.MaxAnisotropy:8]]
[2020.04.06-01.41.41:476][  0]LogConfig: Setting CVar [[r.VT.MaxAnisotropy:8]]
[2020.04.06-01.41.41:476][  0]LogConfig: Setting CVar [[r.Streaming.LimitPoolSizeToVRAM:0]]
[2020.04.06-01.41.41:476][  0]LogConfig: Setting CVar [[r.Streaming.PoolSize:1000]]
[2020.04.06-01.41.41:476][  0]LogConfig: Setting CVar [[r.Streaming.MaxEffectiveScreenSize:0]]
[2020.04.06-01.41.41:476][  0]LogConfig: Applying CVar settings from Section [EffectsQuality@3] File [../../../RandomRogue/Saved/Config/WindowsNoEditor/Scalability.ini]
[2020.04.06-01.41.41:476][  0]LogConfig: Setting CVar [[r.TranslucencyLightingVolumeDim:64]]
[2020.04.06-01.41.41:477][  0]LogConfig: Setting CVar [[r.RefractionQuality:2]]
[2020.04.06-01.41.41:477][  0]LogConfig: Setting CVar [[r.SSR.Quality:3]]
[2020.04.06-01.41.41:477][  0]LogConfig: Setting CVar [[r.SSR.HalfResSceneColor:0]]
[2020.04.06-01.41.41:477][  0]LogConfig: Setting CVar [[r.SceneColorFormat:4]]
[2020.04.06-01.41.41:477][  0]LogConfig: Setting CVar [[r.DetailMode:2]]
[2020.04.06-01.41.41:477][  0]LogConfig: Setting CVar [[r.TranslucencyVolumeBlur:1]]
[2020.04.06-01.41.41:477][  0]LogConfig: Setting CVar [[r.MaterialQualityLevel:1 ; High quality]]
[2020.04.06-01.41.41:477][  0]LogConfig: Setting CVar [[r.SSS.Scale:1]]
[2020.04.06-01.41.41:477][  0]LogConfig: Setting CVar [[r.SSS.SampleSet:2]]
[2020.04.06-01.41.41:477][  0]LogConfig: Setting CVar [[r.SSS.Quality:1]]
[2020.04.06-01.41.41:477][  0]LogConfig: Setting CVar [[r.SSS.HalfRes:1]]
[2020.04.06-01.41.41:477][  0]LogConfig: Setting CVar [[r.SSGI.Quality:3]]
[2020.04.06-01.41.41:477][  0]LogConfig: Setting CVar [[r.EmitterSpawnRateScale:1.0]]
[2020.04.06-01.41.41:477][  0]LogConfig: Setting CVar [[r.ParticleLightQuality:2]]
[2020.04.06-01.41.41:477][  0]LogConfig: Setting CVar [[r.SkyAtmosphere.AerialPerspectiveLUT.FastApplyOnOpaque:1 ; Always have FastSkyLUT 1 in this case to avoid wrong sky]]
[2020.04.06-01.41.41:477][  0]LogConfig: Setting CVar [[r.SkyAtmosphere.AerialPerspectiveLUT.SampleCountPerSlice:1]]
[2020.04.06-01.41.41:477][  0]LogConfig: Setting CVar [[r.SkyAtmosphere.AerialPerspectiveLUT.DepthResolution:16.0]]
[2020.04.06-01.41.41:477][  0]LogConfig: Setting CVar [[r.SkyAtmosphere.FastSkyLUT:1]]
[2020.04.06-01.41.41:477][  0]LogConfig: Setting CVar [[r.SkyAtmosphere.FastSkyLUT.SampleCountMin:4.0]]
[2020.04.06-01.41.41:477][  0]LogConfig: Setting CVar [[r.SkyAtmosphere.FastSkyLUT.SampleCountMax:32.0]]
[2020.04.06-01.41.41:477][  0]LogConfig: Setting CVar [[r.SkyAtmosphere.SampleCountMin:4.0]]
[2020.04.06-01.41.41:477][  0]LogConfig: Setting CVar [[r.SkyAtmosphere.SampleCountMax:32.0]]
[2020.04.06-01.41.41:477][  0]LogConfig: Setting CVar [[r.SkyAtmosphere.TransmittanceLUT.UseSmallFormat:0]]
[2020.04.06-01.41.41:477][  0]LogConfig: Setting CVar [[r.SkyAtmosphere.TransmittanceLUT.SampleCount:10.0]]
[2020.04.06-01.41.41:477][  0]LogConfig: Setting CVar [[r.SkyAtmosphere.MultiScatteringLUT.SampleCount:15.0]]
[2020.04.06-01.41.41:477][  0]LogConfig: Applying CVar settings from Section [FoliageQuality@3] File [../../../RandomRogue/Saved/Config/WindowsNoEditor/Scalability.ini]
[2020.04.06-01.41.41:477][  0]LogConfig: Setting CVar [[foliage.DensityScale:1.0]]
[2020.04.06-01.41.41:477][  0]LogConfig: Setting CVar [[grass.DensityScale:1.0]]
[2020.04.06-01.41.41:477][  0]LogConfig: Applying CVar settings from Section [ShadingQuality@3] File [../../../RandomRogue/Saved/Config/WindowsNoEditor/Scalability.ini]
[2020.04.06-01.41.41:477][  0]LogConfig: Setting CVar [[r.HairStrands.SkyLighting.SampleCount:16]]
[2020.04.06-01.41.41:477][  0]LogConfig: Setting CVar [[r.HairStrands.SkyLighting.JitterIntegration:0]]
[2020.04.06-01.41.41:477][  0]LogConfig: Setting CVar [[r.HairStrands.SkyAO.SampleCount:16]]
[2020.04.06-01.41.41:477][  0]LogInit: Selected Device Profile: [WindowsNoEditor]
[2020.04.06-01.41.41:477][  0]LogInit: Applying CVar settings loaded from the selected device profile: [WindowsNoEditor]
[2020.04.06-01.41.41:479][  0]LogHAL: Display: Platform has ~ 16 GB [17094107136 / 17179869184 / 16], which maps to Larger [LargestMinGB=32, LargerMinGB=12, DefaultMinGB=8, SmallerMinGB=6, SmallestMinGB=0)
[2020.04.06-01.41.41:479][  0]LogInit: Going up to parent DeviceProfile [Windows]
[2020.04.06-01.41.41:479][  0]LogInit: Going up to parent DeviceProfile []
[2020.04.06-01.41.41:480][  0]LogConfig: Applying CVar settings from Section [ViewDistanceQuality@3] File [../../../RandomRogue/Saved/Config/WindowsNoEditor/Scalability.ini]
[2020.04.06-01.41.41:480][  0]LogConfig: Setting CVar [[r.SkeletalMeshLODBias:0]]
[2020.04.06-01.41.41:480][  0]LogConfig: Setting CVar [[r.ViewDistanceScale:1.0]]
[2020.04.06-01.41.41:480][  0]LogConfig: Applying CVar settings from Section [AntiAliasingQuality@3] File [../../../RandomRogue/Saved/Config/WindowsNoEditor/Scalability.ini]
[2020.04.06-01.41.41:480][  0]LogConfig: Setting CVar [[r.PostProcessAAQuality:4]]
[2020.04.06-01.41.41:480][  0]LogConfig: Applying CVar settings from Section [ShadowQuality@3] File [../../../RandomRogue/Saved/Config/WindowsNoEditor/Scalability.ini]
[2020.04.06-01.41.41:480][  0]LogConfig: Setting CVar [[r.LightFunctionQuality:1]]
[2020.04.06-01.41.41:480][  0]LogConfig: Setting CVar [[r.ShadowQuality:5]]
[2020.04.06-01.41.41:480][  0]LogConfig: Setting CVar [[r.Shadow.CSM.MaxCascades:10]]
[2020.04.06-01.41.41:480][  0]LogConfig: Setting CVar [[r.Shadow.MaxResolution:2048]]
[2020.04.06-01.41.41:480][  0]LogConfig: Setting CVar [[r.Shadow.MaxCSMResolution:2048]]
[2020.04.06-01.41.41:480][  0]LogConfig: Setting CVar [[r.Shadow.RadiusThreshold:0.01]]
[2020.04.06-01.41.41:480][  0]LogConfig: Setting CVar [[r.Shadow.DistanceScale:1.0]]
[2020.04.06-01.41.41:480][  0]LogConfig: Setting CVar [[r.Shadow.CSM.TransitionScale:1.0]]
[2020.04.06-01.41.41:480][  0]LogConfig: Setting CVar [[r.Shadow.PreShadowResolutionFactor:1.0]]
[2020.04.06-01.41.41:480][  0]LogConfig: Setting CVar [[r.DistanceFieldShadowing:1]]
[2020.04.06-01.41.41:480][  0]LogConfig: Setting CVar [[r.DistanceFieldAO:1]]
[2020.04.06-01.41.41:480][  0]LogConfig: Setting CVar [[r.AOQuality:2]]
[2020.04.06-01.41.41:480][  0]LogConfig: Setting CVar [[r.VolumetricFog:1]]
[2020.04.06-01.41.41:480][  0]LogConfig: Setting CVar [[r.VolumetricFog.GridPixelSize:8]]
[2020.04.06-01.41.41:480][  0]LogConfig: Setting CVar [[r.VolumetricFog.GridSizeZ:128]]
[2020.04.06-01.41.41:480][  0]LogConfig: Setting CVar [[r.VolumetricFog.HistoryMissSupersampleCount:4]]
[2020.04.06-01.41.41:480][  0]LogConfig: Setting CVar [[r.LightMaxDrawDistanceScale:1]]
[2020.04.06-01.41.41:480][  0]LogConfig: Setting CVar [[r.CapsuleShadows:1]]
[2020.04.06-01.41.41:480][  0]LogConfig: Applying CVar settings from Section [PostProcessQuality@3] File [../../../RandomRogue/Saved/Config/WindowsNoEditor/Scalability.ini]
[2020.04.06-01.41.41:480][  0]LogConfig: Setting CVar [[r.MotionBlurQuality:4]]
[2020.04.06-01.41.41:480][  0]LogConfig: Setting CVar [[r.AmbientOcclusionMipLevelFactor:0.4]]
[2020.04.06-01.41.41:480][  0]LogConfig: Setting CVar [[r.AmbientOcclusionMaxQuality:100]]
[2020.04.06-01.41.41:480][  0]LogConfig: Setting CVar [[r.AmbientOcclusionLevels:-1]]
[2020.04.06-01.41.41:480][  0]LogConfig: Setting CVar [[r.AmbientOcclusionRadiusScale:1.0]]
[2020.04.06-01.41.41:480][  0]LogConfig: Setting CVar [[r.DepthOfFieldQuality:2]]
[2020.04.06-01.41.41:480][  0]LogConfig: Setting CVar [[r.RenderTargetPoolMin:400]]
[2020.04.06-01.41.41:480][  0]LogConfig: Setting CVar [[r.LensFlareQuality:2]]
[2020.04.06-01.41.41:480][  0]LogConfig: Setting CVar [[r.SceneColorFringeQuality:1]]
[2020.04.06-01.41.41:480][  0]LogConfig: Setting CVar [[r.EyeAdaptationQuality:2]]
[2020.04.06-01.41.41:480][  0]LogConfig: Setting CVar [[r.BloomQuality:5]]
[2020.04.06-01.41.41:480][  0]LogConfig: Setting CVar [[r.FastBlurThreshold:100]]
[2020.04.06-01.41.41:480][  0]LogConfig: Setting CVar [[r.Upscale.Quality:3]]
[2020.04.06-01.41.41:480][  0]LogConfig: Setting CVar [[r.Tonemapper.GrainQuantization:1]]
[2020.04.06-01.41.41:480][  0]LogConfig: Setting CVar [[r.LightShaftQuality:1]]
[2020.04.06-01.41.41:480][  0]LogConfig: Setting CVar [[r.Filter.SizeScale:1]]
[2020.04.06-01.41.41:480][  0]LogConfig: Setting CVar [[r.Tonemapper.Quality:5]]
[2020.04.06-01.41.41:480][  0]LogConfig: Setting CVar [[r.DOF.Gather.AccumulatorQuality:1        ; higher gathering accumulator quality]]
[2020.04.06-01.41.41:480][  0]LogConfig: Setting CVar [[r.DOF.Gather.PostfilterMethod:1          ; Median3x3 postfilering method]]
[2020.04.06-01.41.41:480][  0]LogConfig: Setting CVar [[r.DOF.Gather.EnableBokehSettings:0       ; no bokeh simulation when gathering]]
[2020.04.06-01.41.41:480][  0]LogConfig: Setting CVar [[r.DOF.Gather.RingCount:4                 ; medium number of samples when gathering]]
[2020.04.06-01.41.41:480][  0]LogConfig: Setting CVar [[r.DOF.Scatter.ForegroundCompositing:1    ; additive foreground scattering]]
[2020.04.06-01.41.41:480][  0]LogConfig: Setting CVar [[r.DOF.Scatter.BackgroundCompositing:2    ; additive background scattering]]
[2020.04.06-01.41.41:480][  0]LogConfig: Setting CVar [[r.DOF.Scatter.EnableBokehSettings:1      ; bokeh simulation when scattering]]
[2020.04.06-01.41.41:480][  0]LogConfig: Setting CVar [[r.DOF.Scatter.MaxSpriteRatio:0.1         ; only a maximum of 10% of scattered bokeh]]
[2020.04.06-01.41.41:480][  0]LogConfig: Setting CVar [[r.DOF.Recombine.Quality:1                ; cheap slight out of focus]]
[2020.04.06-01.41.41:480][  0]LogConfig: Setting CVar [[r.DOF.Recombine.EnableBokehSettings:0    ; no bokeh simulation on slight out of focus]]
[2020.04.06-01.41.41:480][  0]LogConfig: Setting CVar [[r.DOF.TemporalAAQuality:1                ; more stable temporal accumulation]]
[2020.04.06-01.41.41:480][  0]LogConfig: Setting CVar [[r.DOF.Kernel.MaxForegroundRadius:0.025]]
[2020.04.06-01.41.41:480][  0]LogConfig: Setting CVar [[r.DOF.Kernel.MaxBackgroundRadius:0.025]]
[2020.04.06-01.41.41:480][  0]LogConfig: Applying CVar settings from Section [TextureQuality@3] File [../../../RandomRogue/Saved/Config/WindowsNoEditor/Scalability.ini]
[2020.04.06-01.41.41:480][  0]LogConfig: Setting CVar [[r.Streaming.MipBias:0]]
[2020.04.06-01.41.41:480][  0]LogConfig: Setting CVar [[r.Streaming.AmortizeCPUToGPUCopy:0]]
[2020.04.06-01.41.41:480][  0]LogConfig: Setting CVar [[r.Streaming.MaxNumTexturesToStreamPerFrame:0]]
[2020.04.06-01.41.41:480][  0]LogConfig: Setting CVar [[r.Streaming.Boost:1]]
[2020.04.06-01.41.41:480][  0]LogConfig: Setting CVar [[r.MaxAnisotropy:8]]
[2020.04.06-01.41.41:480][  0]LogConfig: Setting CVar [[r.VT.MaxAnisotropy:8]]
[2020.04.06-01.41.41:480][  0]LogConfig: Setting CVar [[r.Streaming.LimitPoolSizeToVRAM:0]]
[2020.04.06-01.41.41:480][  0]LogConfig: Setting CVar [[r.Streaming.PoolSize:1000]]
[2020.04.06-01.41.41:480][  0]LogConfig: Setting CVar [[r.Streaming.MaxEffectiveScreenSize:0]]
[2020.04.06-01.41.41:480][  0]LogConfig: Applying CVar settings from Section [EffectsQuality@3] File [../../../RandomRogue/Saved/Config/WindowsNoEditor/Scalability.ini]
[2020.04.06-01.41.41:480][  0]LogConfig: Setting CVar [[r.TranslucencyLightingVolumeDim:64]]
[2020.04.06-01.41.41:480][  0]LogConfig: Setting CVar [[r.RefractionQuality:2]]
[2020.04.06-01.41.41:480][  0]LogConfig: Setting CVar [[r.SSR.Quality:3]]
[2020.04.06-01.41.41:481][  0]LogConfig: Setting CVar [[r.SSR.HalfResSceneColor:0]]
[2020.04.06-01.41.41:481][  0]LogConfig: Setting CVar [[r.SceneColorFormat:4]]
[2020.04.06-01.41.41:481][  0]LogConfig: Setting CVar [[r.DetailMode:2]]
[2020.04.06-01.41.41:481][  0]LogConfig: Setting CVar [[r.TranslucencyVolumeBlur:1]]
[2020.04.06-01.41.41:481][  0]LogConfig: Setting CVar [[r.MaterialQualityLevel:1 ; High quality]]
[2020.04.06-01.41.41:481][  0]LogConfig: Setting CVar [[r.SSS.Scale:1]]
[2020.04.06-01.41.41:481][  0]LogConfig: Setting CVar [[r.SSS.SampleSet:2]]
[2020.04.06-01.41.41:481][  0]LogConfig: Setting CVar [[r.SSS.Quality:1]]
[2020.04.06-01.41.41:481][  0]LogConfig: Setting CVar [[r.SSS.HalfRes:1]]
[2020.04.06-01.41.41:481][  0]LogConfig: Setting CVar [[r.SSGI.Quality:3]]
[2020.04.06-01.41.41:481][  0]LogConfig: Setting CVar [[r.EmitterSpawnRateScale:1.0]]
[2020.04.06-01.41.41:481][  0]LogConfig: Setting CVar [[r.ParticleLightQuality:2]]
[2020.04.06-01.41.41:481][  0]LogConfig: Setting CVar [[r.SkyAtmosphere.AerialPerspectiveLUT.FastApplyOnOpaque:1 ; Always have FastSkyLUT 1 in this case to avoid wrong sky]]
[2020.04.06-01.41.41:481][  0]LogConfig: Setting CVar [[r.SkyAtmosphere.AerialPerspectiveLUT.SampleCountPerSlice:1]]
[2020.04.06-01.41.41:481][  0]LogConfig: Setting CVar [[r.SkyAtmosphere.AerialPerspectiveLUT.DepthResolution:16.0]]
[2020.04.06-01.41.41:481][  0]LogConfig: Setting CVar [[r.SkyAtmosphere.FastSkyLUT:1]]
[2020.04.06-01.41.41:481][  0]LogConfig: Setting CVar [[r.SkyAtmosphere.FastSkyLUT.SampleCountMin:4.0]]
[2020.04.06-01.41.41:481][  0]LogConfig: Setting CVar [[r.SkyAtmosphere.FastSkyLUT.SampleCountMax:32.0]]
[2020.04.06-01.41.41:481][  0]LogConfig: Setting CVar [[r.SkyAtmosphere.SampleCountMin:4.0]]
[2020.04.06-01.41.41:481][  0]LogConfig: Setting CVar [[r.SkyAtmosphere.SampleCountMax:32.0]]
[2020.04.06-01.41.41:481][  0]LogConfig: Setting CVar [[r.SkyAtmosphere.TransmittanceLUT.UseSmallFormat:0]]
[2020.04.06-01.41.41:481][  0]LogConfig: Setting CVar [[r.SkyAtmosphere.TransmittanceLUT.SampleCount:10.0]]
[2020.04.06-01.41.41:481][  0]LogConfig: Setting CVar [[r.SkyAtmosphere.MultiScatteringLUT.SampleCount:15.0]]
[2020.04.06-01.41.41:481][  0]LogConfig: Applying CVar settings from Section [FoliageQuality@3] File [../../../RandomRogue/Saved/Config/WindowsNoEditor/Scalability.ini]
[2020.04.06-01.41.41:481][  0]LogConfig: Setting CVar [[foliage.DensityScale:1.0]]
[2020.04.06-01.41.41:481][  0]LogConfig: Setting CVar [[grass.DensityScale:1.0]]
[2020.04.06-01.41.41:481][  0]LogConfig: Applying CVar settings from Section [ShadingQuality@3] File [../../../RandomRogue/Saved/Config/WindowsNoEditor/Scalability.ini]
[2020.04.06-01.41.41:481][  0]LogConfig: Setting CVar [[r.HairStrands.SkyLighting.SampleCount:16]]
[2020.04.06-01.41.41:481][  0]LogConfig: Setting CVar [[r.HairStrands.SkyLighting.JitterIntegration:0]]
[2020.04.06-01.41.41:481][  0]LogConfig: Setting CVar [[r.HairStrands.SkyAO.SampleCount:16]]
[2020.04.06-01.41.41:481][  0]LogConfig: Applying CVar settings from Section [Startup] File [../../../Engine/Config/ConsoleVariables.ini]
[2020.04.06-01.41.41:481][  0]LogConfig: Setting CVar [[net.UseAdaptiveNetUpdateFrequency:0]]
[2020.04.06-01.41.41:481][  0]LogConfig: Setting CVar [[p.chaos.AllowCreatePhysxBodies:1]]
[2020.04.06-01.41.41:481][  0]LogConfig: Applying CVar settings from Section [ConsoleVariables] File [../../../RandomRogue/Saved/Config/WindowsNoEditor/Engine.ini]
[2020.04.06-01.41.41:481][  0]LogInit: Computer: CAM-PC
[2020.04.06-01.41.41:481][  0]LogInit: User: cam
[2020.04.06-01.41.41:481][  0]LogInit: CPU Page size=4096, Cores=8
[2020.04.06-01.41.41:481][  0]LogInit: High frequency timer resolution =10.000000 MHz
[2020.04.06-01.41.41:481][  0]LogMemory: Memory total: Physical=15.9GB (16GB approx)
[2020.04.06-01.41.41:481][  0]LogMemory: Platform Memory Stats for WindowsNoEditor
[2020.04.06-01.41.41:481][  0]LogMemory: Process Physical Memory: 99.34 MB used, 99.34 MB peak
[2020.04.06-01.41.41:481][  0]LogMemory: Process Virtual Memory: 89.37 MB used, 89.37 MB peak
[2020.04.06-01.41.41:481][  0]LogMemory: Physical Memory: 11571.09 MB used,  4731.12 MB free, 16302.21 MB total
[2020.04.06-01.41.41:481][  0]LogMemory: Virtual Memory: 5120.31 MB used,  134212608.00 MB free, 134217728.00 MB total
[2020.04.06-01.41.41:484][  0]LogWindows: WindowsPlatformFeatures enabled
[2020.04.06-01.41.41:714][  0]LogOnline: Warning: STEAM: Failed to obtain steam user stats, user: Warka [0x1B154F20040] has no stats entries
[2020.04.06-01.41.41:714][  0]LogInit: Using OS detected language (en-US).
[2020.04.06-01.41.41:714][  0]LogInit: Using OS detected locale (en-US).
[2020.04.06-01.41.41:714][  0]LogTextLocalizationManager: No specific localization for 'en-US' exists, so the 'en' localization will be used.
[2020.04.06-01.41.41:768][  0]LogSlate: New Slate User Created.  User Index 0, Is Virtual User: 0
[2020.04.06-01.41.41:768][  0]LogSlate: Slate User Registered.  User Index 0, Is Virtual User: 0
[2020.04.06-01.41.41:787][  0]LogD3D11RHI: D3D11 min allowed feature level: 11_0
[2020.04.06-01.41.41:787][  0]LogD3D11RHI: D3D11 max allowed feature level: 11_0
[2020.04.06-01.41.41:787][  0]LogD3D11RHI: D3D11 adapters:
[2020.04.06-01.41.41:897][  0]LogD3D11RHI:    0. 'NVIDIA GeForce RTX 2070' (Feature Level 11_0)
[2020.04.06-01.41.41:897][  0]LogD3D11RHI:       8031/0/8151 MB DedicatedVideo/DedicatedSystem/SharedSystem, Outputs:2, VendorId:0x10de
[2020.04.06-01.41.41:904][  0]LogD3D11RHI:    1. 'Microsoft Basic Render Driver' (Feature Level 11_0)
[2020.04.06-01.41.41:904][  0]LogD3D11RHI:       0/0/8151 MB DedicatedVideo/DedicatedSystem/SharedSystem, Outputs:0, VendorId:0x1414
[2020.04.06-01.41.41:904][  0]LogD3D11RHI: Chosen D3D11 Adapter: 0
[2020.04.06-01.41.41:918][  0]LogD3D11RHI: Creating new Direct3DDevice
[2020.04.06-01.41.41:919][  0]LogD3D11RHI:     GPU DeviceId: 0x1f07 (for the marketing name, search the web for "GPU Device Id")
[2020.04.06-01.41.41:919][  0]LogWindows: EnumDisplayDevices:
[2020.04.06-01.41.41:919][  0]LogWindows:    0. 'NVIDIA GeForce RTX 2070' (P:0 D:1)
[2020.04.06-01.41.41:919][  0]LogWindows:    1. 'NVIDIA GeForce RTX 2070' (P:1 D:1)
[2020.04.06-01.41.41:920][  0]LogWindows:    2. 'NVIDIA GeForce RTX 2070' (P:0 D:0)
[2020.04.06-01.41.41:920][  0]LogWindows:    3. 'NVIDIA GeForce RTX 2070' (P:0 D:0)
[2020.04.06-01.41.41:920][  0]LogWindows: DebugString: FoundDriverCount:4 
[2020.04.06-01.41.41:920][  0]LogD3D11RHI:     Adapter Name: NVIDIA GeForce RTX 2070
[2020.04.06-01.41.41:920][  0]LogD3D11RHI:   Driver Version: 445.75 (internal:26.21.14.4575, unified:445.75)
[2020.04.06-01.41.41:920][  0]LogD3D11RHI:      Driver Date: 3-17-2020
[2020.04.06-01.41.41:921][  0]LogRHI: Texture pool is 5621 MB (70% of 8031 MB)
[2020.04.06-01.41.41:990][  0]LogD3D11RHI: RHI has support for 64 bit atomics
[2020.04.06-01.41.41:991][  0]LogD3D11RHI: Async texture creation enabled
[2020.04.06-01.41.42:024][  0]LogD3D11RHI: GPU Timing Frequency: 1000.000000 (Debug: 2 1)
[2020.04.06-01.41.42:065][  0]LogMaterial: Verifying Global Shaders for PCD3D_SM5
[2020.04.06-01.41.42:084][  0]LogSlate: Using FreeType 2.10.0
[2020.04.06-01.41.42:087][  0]LogSlate: SlateFontServices - WITH_FREETYPE: 1, WITH_HARFBUZZ: 1
[2020.04.06-01.41.42:160][  0]LogInit: Using OS detected language (en-US).
[2020.04.06-01.41.42:160][  0]LogInit: Using OS detected locale (en-US).
[2020.04.06-01.41.42:160][  0]LogTextLocalizationManager: No localization for 'en-US' exists, so 'en' will be used for the language.
[2020.04.06-01.41.42:161][  0]LogTextLocalizationManager: No localization for 'en-US' exists, so 'en' will be used for the locale.
[2020.04.06-01.41.42:161][  0]LogSlate: FontCache flush requested. Reason: Culture for localization was changed
[2020.04.06-01.41.42:161][  0]LogSlate: FontCache flush requested. Reason: Culture for localization was changed
[2020.04.06-01.41.42:162][  0]LogTextLocalizationManager: Compacting localization data took   0.95ms
[2020.04.06-01.41.42:183][  0]LogAssetRegistry: FAssetRegistry took 0.0203 seconds to start up
[2020.04.06-01.41.42:321][  0]LogStreaming: Display: Flushing async loaders.
[2020.04.06-01.41.42:323][  0]LogPackageLocalizationCache: Processed 8 localized package path(s) for 1 prioritized culture(s) in 0.000901 seconds
[2020.04.06-01.41.42:324][  0]LogPakFile: New pak file ../../../RandomRogue/Content/Paks/RandomRogue-WindowsNoEditor.pak added to pak precacher.
[2020.04.06-01.41.42:344][  0]LogInit: Selected Device Profile: [WindowsNoEditor]
[2020.04.06-01.41.42:378][  0]LogNetVersion: RandomRogue 1.0.0, NetCL: 10570792, EngineNetVer: 13, GameNetVer: 0 (Checksum: 292878877)
[2020.04.06-01.41.42:467][  0]LogAudioCaptureCore: Display: No Audio Capture implementations found. Audio input will be silent.
[2020.04.06-01.41.42:467][  0]LogAudioCaptureCore: Display: No Audio Capture implementations found. Audio input will be silent.
[2020.04.06-01.41.42:563][  0]LogMoviePlayer: Initializing movie player
[2020.04.06-01.41.42:570][  0]LogAndroidPermission: UAndroidPermissionCallbackProxy::GetInstance
[2020.04.06-01.41.42:577][  0]LogUObjectArray: 46501 objects as part of root set at end of initial load.
[2020.04.06-01.41.42:577][  0]LogUObjectArray: 2 objects are not in the root set, but can never be destroyed because they are in the DisregardForGC set.
[2020.04.06-01.41.42:577][  0]LogUObjectAllocator: 6913584 out of 0 bytes used by permanent object pool.
[2020.04.06-01.41.42:577][  0]LogUObjectArray: CloseDisregardForGC: 46501/46501 objects in disregard for GC pool
[2020.04.06-01.41.42:580][  0]LogEngine: Initializing Engine...
[2020.04.06-01.41.42:582][  0]LogStats: UGameplayTagsManager::InitializeManager -  0.000 s
[2020.04.06-01.41.42:718][  0]LogPakFile: Precache HighWater 16MB

[2020.04.06-01.41.42:718][  0]LogPakFile: Precache HighWater 32MB

[2020.04.06-01.41.42:718][  0]LogInit: Initializing FReadOnlyCVARCache
[2020.04.06-01.41.42:720][  0]LogAudioMixer: Display: Audio Mixer Platform Settings:
[2020.04.06-01.41.42:720][  0]LogAudioMixer: Display: 	Sample Rate:						  48000
[2020.04.06-01.41.42:720][  0]LogAudioMixer: Display: 	Callback Buffer Frame Size Requested: 1024
[2020.04.06-01.41.42:720][  0]LogAudioMixer: Display: 	Callback Buffer Frame Size To Use:	  1024
[2020.04.06-01.41.42:720][  0]LogAudioMixer: Display: 	Number of buffers to queue:			  2
[2020.04.06-01.41.42:720][  0]LogAudioMixer: Display: 	Max Channels (voices):				  32
[2020.04.06-01.41.42:720][  0]LogAudioMixer: Display: 	Number of Async Source Workers:		  0
[2020.04.06-01.41.42:720][  0]LogAudio: Display: AudioDevice MaxSources: 32
[2020.04.06-01.41.42:721][  0]LogAudio: Display: Using built-in audio occlusion.
[2020.04.06-01.41.42:721][  0]LogAudioMixer: Display: Initializing audio mixer.
[2020.04.06-01.41.42:767][  0]LogAudioDebug: Display: Lib vorbis DLL was dynamically loaded.
[2020.04.06-01.41.42:813][  0]LogAudioMixer: Display: Audio Device Output Speaker Info:
[2020.04.06-01.41.42:813][  0]LogAudioMixer: Display: Name: Headphones (Arctis Pro Wireless Game)
[2020.04.06-01.41.42:813][  0]LogAudioMixer: Display: Is Default: Yes
[2020.04.06-01.41.42:813][  0]LogAudioMixer: Display: Sample Rate: 48000
[2020.04.06-01.41.42:813][  0]LogAudioMixer: Display: Channel Count Used: 2
[2020.04.06-01.41.42:813][  0]LogAudioMixer: Display: Device Channel Count: 2
[2020.04.06-01.41.42:813][  0]LogAudioMixer: Display: Channel Order:
[2020.04.06-01.41.42:813][  0]LogAudioMixer: Display: 0: FrontLeft
[2020.04.06-01.41.42:813][  0]LogAudioMixer: Display: 1: FrontRight
[2020.04.06-01.41.42:825][  0]LogAudioMixer: Display: Using Audio Device Headphones (Arctis Pro Wireless Game)
[2020.04.06-01.41.42:831][  0]LogInit: FAudioDevice initialized.
[2020.04.06-01.41.42:834][  0]LogNetVersion: Set ProjectVersion to 1.0.0.0. Version Checksum will be recalculated on next use.
[2020.04.06-01.41.42:834][  0]LogInit: Texture streaming: Enabled
[2020.04.06-01.41.42:874][  0]LogSlate: Updating window title bar state: overlay mode, drag disabled, window buttons hidden, title bar hidden
[2020.04.06-01.41.42:877][  0]LogInit: Display: Game Engine Initialized.
[2020.04.06-01.41.42:879][  0]LogInit: Display: Starting Game.
[2020.04.06-01.41.42:879][  0]LogNet: Browse: /Game/Maps/MainMenu?Name=Player
[2020.04.06-01.41.42:880][  0]LogLoad: LoadMap: /Game/Maps/MainMenu?Name=Player
[2020.04.06-01.41.42:880][  0]LogWorld: BeginTearingDown for /Temp/Untitled_0
[2020.04.06-01.41.42:883][  0]LogWorld: UWorld::CleanupWorld for Untitled, bSessionEnded=true, bCleanupResources=true
[2020.04.06-01.41.42:884][  0]LogSlate: InvalidateAllWidgets triggered.  All widgets were invalidated
[2020.04.06-01.41.42:898][  0]LogAudioMixer: Display: No commands were queued while flushing the source manager.
[2020.04.06-01.41.42:902][  0]LogUObjectHash: Compacting FUObjectHashTables data took   2.54ms
[2020.04.06-01.41.43:016][  0]LogAIModule: Creating AISystem for world MainMenu
[2020.04.06-01.41.43:019][  0]LogLoad: Game class is 'GM_MainMenu_C'
[2020.04.06-01.41.43:059][  0]LogWorld: Bringing World /Game/Maps/MainMenu.MainMenu up for play (max tick rate 0) at 2020.04.05-21.41.43
[2020.04.06-01.41.43:062][  0]LogWorld: Bringing up level for play took: 0.041710
[2020.04.06-01.41.43:076][  0]LogUMG: Display: Widget Class MainMenu_C - Loaded Fast Template.
[2020.04.06-01.41.43:082][  0]LogPlayerController: Error: InputMode:UIOnly - Attempting to focus Non-Focusable widget SObjectWidget [Widget.cpp(776)]!
[2020.04.06-01.41.43:083][  0]LogLoad: Took 0.203461 seconds to LoadMap(/Game/Maps/MainMenu)
[2020.04.06-01.41.43:089][  0]LogSlate: Took 0.001163 seconds to synchronously load lazily loaded font '../../../Engine/Content/EngineFonts/Faces/RobotoBold.ufont' (160K)
[2020.04.06-01.41.43:122][  0]LogLoad: (Engine Initialization) Total time: 2.84 seconds
[2020.04.06-01.41.43:144][  0]LogRenderer: Reallocating scene render targets to support 3440x1440 Format 10 NumSamples 1 (Frame:1).
[2020.04.06-01.41.43:227][  0]LogContentStreaming: Texture pool size now 1000 MB
[2020.04.06-01.41.43:241][  0]LogSlate: InvalidateAllWidgets triggered.  All widgets were invalidated
[2020.04.06-01.41.43:308][  0]LogRenderer: Reallocating scene render targets to support 128x128 Format 10 NumSamples 1 (Frame:1).
[2020.04.06-01.41.43:352][  0]LogRenderer: Reallocating scene render targets to support 3440x1440 Format 10 NumSamples 1 (Frame:2).
[2020.04.06-01.41.43:376][  0]LogSlate: Slate font cache was flushed
[2020.04.06-01.41.43:389][  1]LogSlate: Took 0.000093 seconds to synchronously load lazily loaded font '../../../Engine/Content/EngineFonts/Faces/RobotoBold.ufont' (160K)
[2020.04.06-01.45.31:019][ 35]LogBlueprintUserMessages: [MainMenu_C_2147482552] Done Looking
[2020.04.06-01.45.31:022][ 35]LogSlate: Took 0.000878 seconds to synchronously load lazily loaded font '../../../Engine/Content/Slate/Fonts/Roboto-Regular.ttf' (155K)
[2020.04.06-01.45.31:341][ 64]LogOnlineSession: STEAM: Found 0 lobbies, finalizing the search
[2020.04.06-01.45.31:615][ 89]LogBlueprintUserMessages: [MainMenu_C_2147482552] Found SOmthin
[2020.04.06-01.45.31:616][ 89]LogBlueprintUserMessages: [MainMenu_C_2147482552] 0
[2020.04.06-01.45.31:616][ 89]LogScript: Warning: Attempted to access index 0 from array FoundSessions of length 0!
	MainMenu_C /Engine/Transient.GameEngine_2147482620:GI_Main_C_2147482606.MainMenu_C_2147482552
	Function /Game/UI/MainMenu.MainMenu_C:ExecuteUbergraph_MainMenu:01FB
[2020.04.06-01.45.31:616][ 89]LogScript: Warning: Script call stack:
	Function /Game/UI/MainMenu.MainMenu_C:OnSuccess_228346D444B88C35C11E0D8628ECF9DB
	Function /Game/UI/MainMenu.MainMenu_C:ExecuteUbergraph_MainMenu

[2020.04.06-01.45.31:617][ 89]LogOnlineSession: Warning: STEAM: Invalid session info on search result
[2020.04.06-01.45.42:047][ 36]LogBlueprintUserMessages: [MainMenu_C_2147482552] Done Looking
[2020.04.06-01.45.42:342][ 63]LogOnlineSession: STEAM: Found 0 lobbies, finalizing the search
[2020.04.06-01.45.42:694][ 95]LogBlueprintUserMessages: [MainMenu_C_2147482552] Found SOmthin
[2020.04.06-01.45.42:694][ 95]LogBlueprintUserMessages: [MainMenu_C_2147482552] 0
[2020.04.06-01.45.42:694][ 95]LogScript: Warning: Attempted to access index 0 from array FoundSessions of length 0!
	MainMenu_C /Engine/Transient.GameEngine_2147482620:GI_Main_C_2147482606.MainMenu_C_2147482552
	Function /Game/UI/MainMenu.MainMenu_C:ExecuteUbergraph_MainMenu:01FB
[2020.04.06-01.45.42:694][ 95]LogScript: Warning: Script call stack:
	Function /Game/UI/MainMenu.MainMenu_C:OnSuccess_228346D444B88C35C11E0D8628ECF9DB
	Function /Game/UI/MainMenu.MainMenu_C:ExecuteUbergraph_MainMenu

[2020.04.06-01.45.42:694][ 95]LogOnlineSession: Warning: STEAM: Invalid session info on search result
[2020.04.06-01.45.50:476][802]LogBlueprintUserMessages: [MainMenu_C_2147482552] Done Looking
[2020.04.06-01.45.50:760][828]LogOnlineSession: STEAM: Found 0 lobbies, finalizing the search
[2020.04.06-01.45.51:138][862]LogBlueprintUserMessages: [MainMenu_C_2147482552] Found SOmthin
[2020.04.06-01.45.51:138][862]LogBlueprintUserMessages: [MainMenu_C_2147482552] 0
[2020.04.06-01.45.51:138][862]LogScript: Warning: Attempted to access index 0 from array FoundSessions of length 0!
	MainMenu_C /Engine/Transient.GameEngine_2147482620:GI_Main_C_2147482606.MainMenu_C_2147482552
	Function /Game/UI/MainMenu.MainMenu_C:ExecuteUbergraph_MainMenu:01FB
[2020.04.06-01.45.51:138][862]LogScript: Warning: Script call stack:
	Function /Game/UI/MainMenu.MainMenu_C:OnSuccess_228346D444B88C35C11E0D8628ECF9DB
	Function /Game/UI/MainMenu.MainMenu_C:ExecuteUbergraph_MainMenu

[2020.04.06-01.45.51:138][862]LogOnlineSession: Warning: STEAM: Invalid session info on search result
[2020.04.06-01.45.55:407][250]LogOnlineSession: Verbose: OSS: dumping NamedSession: 
[2020.04.06-01.45.55:407][250]LogOnlineSession: Verbose: OSS: 	SessionName: GameSession
[2020.04.06-01.45.55:407][250]LogOnlineSession: Verbose: OSS: 	HostingPlayerNum: 0
[2020.04.06-01.45.55:407][250]LogOnlineSession: Verbose: OSS: 	SessionState: Pending
[2020.04.06-01.45.55:407][250]LogOnlineSession: Verbose: OSS: 	RegisteredPlayers: 
[2020.04.06-01.45.55:407][250]LogOnlineSession: Verbose: OSS: 	    0 registered players
[2020.04.06-01.45.55:407][250]LogOnlineSession: Verbose: OSS: dumping Session: 
[2020.04.06-01.45.55:407][250]LogOnlineSession: Verbose: OSS: 	OwningPlayerName: Warka
[2020.04.06-01.45.55:407][250]LogOnlineSession: Verbose: OSS: 	OwningPlayerId: Warka [0x1B1645F3040]
[2020.04.06-01.45.55:407][250]LogOnlineSession: Verbose: OSS: 	NumOpenPrivateConnections: 10
[2020.04.06-01.45.55:407][250]LogOnlineSession: Verbose: OSS: 	NumOpenPublicConnections: 9
[2020.04.06-01.45.55:407][250]LogOnlineSession: Verbose: OSS: 	SessionInfo: HostIP: INVALID SteamP2P: 76561198006718260:7777 Type: Lobby session SessionId: Lobby[0x186000006DF1CAD]
[2020.04.06-01.45.55:407][250]LogOnlineSession: Verbose: OSS: dumping SessionSettings: 
[2020.04.06-01.45.55:407][250]LogOnlineSession: Verbose: OSS: 	NumPublicConnections: 10
[2020.04.06-01.45.55:407][250]LogOnlineSession: Verbose: OSS: 	NumPrivateConnections: 10
[2020.04.06-01.45.55:407][250]LogOnlineSession: Verbose: OSS: 	bIsLanMatch: false
[2020.04.06-01.45.55:407][250]LogOnlineSession: Verbose: OSS: 	bIsDedicated: false
[2020.04.06-01.45.55:407][250]LogOnlineSession: Verbose: OSS: 	bUsesStats: false
[2020.04.06-01.45.55:407][250]LogOnlineSession: Verbose: OSS: 	bShouldAdvertise: true
[2020.04.06-01.45.55:407][250]LogOnlineSession: Verbose: OSS: 	bAllowJoinInProgress: true
[2020.04.06-01.45.55:407][250]LogOnlineSession: Verbose: OSS: 	bAllowInvites: true
[2020.04.06-01.45.55:407][250]LogOnlineSession: Verbose: OSS: 	bUsesPresence: true
[2020.04.06-01.45.55:407][250]LogOnlineSession: Verbose: OSS: 	bAllowJoinViaPresence: true
[2020.04.06-01.45.55:407][250]LogOnlineSession: Verbose: OSS: 	bAllowJoinViaPresenceFriendsOnly: true
[2020.04.06-01.45.55:408][250]LogOnlineSession: Verbose: OSS: 	BuildUniqueId: 0x00a14c28
[2020.04.06-01.45.55:408][250]LogOnlineSession: Verbose: OSS: 	Settings:
[2020.04.06-01.45.55:410][250]LogNet: Browse: /Game/Maps/TestWorld?Listen
[2020.04.06-01.45.55:410][250]LogLoad: LoadMap: /Game/Maps/TestWorld?Listen
[2020.04.06-01.45.55:410][250]LogWorld: BeginTearingDown for /Game/Maps/MainMenu
[2020.04.06-01.45.55:413][250]LogWorld: UWorld::CleanupWorld for MainMenu, bSessionEnded=true, bCleanupResources=true
[2020.04.06-01.45.55:419][250]LogSlate: InvalidateAllWidgets triggered.  All widgets were invalidated
[2020.04.06-01.45.55:422][250]LogAudioMixer: Display: No commands were queued while flushing the source manager.
[2020.04.06-01.45.55:446][250]LogUObjectHash: Compacting FUObjectHashTables data took   2.00ms
[2020.04.06-01.45.55:452][250]LogStreaming: Display: Flushing async loaders.
[2020.04.06-01.45.55:904][250]LogPakFile: Precache HighWater 48MB

[2020.04.06-01.45.55:905][250]LogPakFile: Precache HighWater 64MB

[2020.04.06-01.45.55:905][250]LogPakFile: Precache HighWater 80MB

[2020.04.06-01.45.55:922][250]LogAIModule: Creating AISystem for world TestWorld
[2020.04.06-01.45.55:922][250]LogLoad: Game class is 'GM_Main_C'
[2020.04.06-01.45.55:927][250]LogNet: ReplicationDriverClass is null! Not using ReplicationDriver.
[2020.04.06-01.45.55:927][250]LogNetCore: DDoS detection status: detection enabled: 0 analytics enabled: 0
[2020.04.06-01.45.55:927][250]LogNet: Display: SteamNetDriver_2147482533 bound to port 7777
[2020.04.06-01.45.55:927][250]PacketHandlerLog: Loaded PacketHandler component: Engine.EngineHandlerComponentFactory (StatelessConnectHandlerComponent)
[2020.04.06-01.45.55:928][250]LogNet: GameNetDriver SteamNetDriver_2147482533 IpNetDriver listening on port 7777
[2020.04.06-01.45.55:974][250]LogWorld: Bringing World /Game/Maps/TestWorld.TestWorld up for play (max tick rate 0) at 2020.04.05-21.45.55
[2020.04.06-01.45.55:978][250]LogWorld: Bringing up level for play took: 0.049048
[2020.04.06-01.45.56:005][250]LogBlueprintUserMessages: [TestWorld_C_1] 2000.0
[2020.04.06-01.45.56:007][250]LogUMG: Display: Widget Class MainHUD_C - Loaded Fast Template.
[2020.04.06-01.45.56:011][250]LogLoad: Took 0.600926 seconds to LoadMap(/Game/Maps/TestWorld)
[2020.04.06-01.45.56:619][280]LogAbilitySystem: Warning: Test Logging
[2020.04.06-01.45.56:619][280]LogBlueprintUserMessages: [TestWorld_C_1] 10000.0
[2020.04.06-01.45.57:618][353]LogBlueprintUserMessages: [TestWorld_C_1] 10000.0
[2020.04.06-01.45.59:623][503]LogAbilitySystem: Warning: Test Logging
[2020.04.06-01.46.00:619][577]LogBlueprintUserMessages: [TestWorld_C_1] 2000.0
[2020.04.06-01.46.41:347][620]Closing by request
[2020.04.06-01.46.41:347][620]LogWindows: FPlatformMisc::RequestExit(0)
[2020.04.06-01.46.41:347][620]LogCore: Engine exit requested (reason: Win RequestExit)
[2020.04.06-01.46.41:349][621]LogCore: Engine exit requested (reason: EngineExit() was called; note: exit was already requested)
[2020.04.06-01.46.41:350][621]LogAudioMixer: Display: No commands were queued while flushing the source manager.
[2020.04.06-01.46.41:365][621]LogInit: Display: PreExit Game.
[2020.04.06-01.46.41:370][621]LogWorld: BeginTearingDown for /Game/Maps/TestWorld
[2020.04.06-01.46.41:370][621]LogNet: World NetDriver shutdown SteamNetDriver_2147482533 [GameNetDriver]
[2020.04.06-01.46.41:370][621]LogNet: DestroyNamedNetDriver SteamNetDriver_2147482533 [GameNetDriver]
[2020.04.06-01.46.41:370][621]LogExit: GameNetDriver SteamNetDriver_2147482533 shut down
[2020.04.06-01.46.41:372][621]LogWorld: UWorld::CleanupWorld for TestWorld, bSessionEnded=true, bCleanupResources=true
[2020.04.06-01.46.41:386][621]LogSlate: InvalidateAllWidgets triggered.  All widgets were invalidated
[2020.04.06-01.46.41:752][621]LogSlate: Request Window 'RandomRogue RandomRogue ' being destroyed
[2020.04.06-01.46.41:761][621]LogSlate: Window 'RandomRogue RandomRogue ' being destroyed
[2020.04.06-01.46.41:762][621]LogWindowsTextInputMethodSystem: Display: IME system now deactivated.
[2020.04.06-01.46.41:781][621]LogExit: Preparing to exit.
[2020.04.06-01.46.41:781][621]LogMoviePlayer: Shutting down movie player
[2020.04.06-01.46.41:797][621]LogSlate: Updating window title bar state: overlay mode, drag disabled, window buttons hidden, title bar hidden
[2020.04.06-01.46.41:800][621]LogDemo: Cleaned up 0 splitscreen connections with owner deletion
[2020.04.06-01.46.41:805][621]LogExit: Game engine shut down
[2020.04.06-01.46.41:876][621]LogExit: Object subsystem successfully closed.
[2020.04.06-01.46.41:889][621]LogModuleManager: Shutting down and abandoning module AutomationController (270)
[2020.04.06-01.46.41:889][621]LogModuleManager: Shutting down and abandoning module AutomationWorker (268)
[2020.04.06-01.46.41:889][621]LogModuleManager: Shutting down and abandoning module Voice (266)
[2020.04.06-01.46.41:889][621]LogModuleManager: Shutting down and abandoning module AIModule (264)
[2020.04.06-01.46.41:889][621]LogModuleManager: Shutting down and abandoning module NavigationSystem (263)
[2020.04.06-01.46.41:889][621]LogModuleManager: Shutting down and abandoning module WebMMediaFactory (260)
[2020.04.06-01.46.41:889][621]LogModuleManager: Shutting down and abandoning module WebMMedia (258)
[2020.04.06-01.46.41:889][621]LogModuleManager: Shutting down and abandoning module WmfMediaFactory (256)
[2020.04.06-01.46.41:889][621]LogModuleManager: Shutting down and abandoning module OpenExrWrapper (254)
[2020.04.06-01.46.41:889][621]LogModuleManager: Shutting down and abandoning module ImgMediaFactory (252)
[2020.04.06-01.46.41:889][621]LogModuleManager: Shutting down and abandoning module AvfMediaFactory (250)
[2020.04.06-01.46.41:889][621]LogModuleManager: Shutting down and abandoning module CharacterAI (248)
[2020.04.06-01.46.41:889][621]LogModuleManager: Shutting down and abandoning module SessionServices (246)
[2020.04.06-01.46.41:889][621]LogModuleManager: Shutting down and abandoning module LiveCoding (244)
[2020.04.06-01.46.41:889][621]LogModuleManager: Shutting down and abandoning module LevelSequence (242)
[2020.04.06-01.46.41:889][621]LogModuleManager: Shutting down and abandoning module MovieSceneTracks (240)
[2020.04.06-01.46.41:889][621]LogModuleManager: Shutting down and abandoning module MovieScene (238)
[2020.04.06-01.46.41:890][621]LogModuleManager: Shutting down and abandoning module StreamingPauseRendering (236)
[2020.04.06-01.46.41:890][621]LogModuleManager: Shutting down and abandoning module AudioMixerXAudio2 (234)
[2020.04.06-01.46.41:890][621]LogModuleManager: Shutting down and abandoning module ImageWriteQueue (232)
[2020.04.06-01.46.41:890][621]LogModuleManager: Shutting down and abandoning module ProfilerService (230)
[2020.04.06-01.46.41:918][621]LogModuleManager: Shutting down and abandoning module TaskGraph (228)
[2020.04.06-01.46.41:918][621]LogModuleManager: Shutting down and abandoning module ProceduralMeshComponent (226)
[2020.04.06-01.46.41:918][621]LogModuleManager: Shutting down and abandoning module MobilePatchingUtils (224)
[2020.04.06-01.46.41:918][621]LogModuleManager: Shutting down and abandoning module EditableMesh (222)
[2020.04.06-01.46.41:918][621]LogModuleManager: Shutting down and abandoning module CustomMeshComponent (220)
[2020.04.06-01.46.41:918][621]LogModuleManager: Shutting down and abandoning module CableComponent (218)
[2020.04.06-01.46.41:918][621]LogModuleManager: Shutting down and abandoning module AudioCapture (216)
[2020.04.06-01.46.41:918][621]LogModuleManager: Shutting down and abandoning module AudioCaptureRtAudio (215)
[2020.04.06-01.46.41:918][621]LogModuleManager: Shutting down and abandoning module AssetTags (212)
[2020.04.06-01.46.41:918][621]LogModuleManager: Shutting down and abandoning module ArchVisCharacter (210)
[2020.04.06-01.46.41:918][621]LogModuleManager: Shutting down and abandoning module AppleImageUtils (208)
[2020.04.06-01.46.41:918][621]LogModuleManager: Shutting down and abandoning module AndroidPermission (206)
[2020.04.06-01.46.41:918][621]LogModuleManager: Shutting down and abandoning module MediaCompositing (202)
[2020.04.06-01.46.41:918][621]LogModuleManager: Shutting down and abandoning module ImgMedia (200)
[2020.04.06-01.46.41:918][621]LogModuleManager: Shutting down and abandoning module MagicLeapHelperVulkan (198)
[2020.04.06-01.46.41:918][621]LogModuleManager: Shutting down and abandoning module MagicLeapHelperOpenGL (196)
[2020.04.06-01.46.41:918][621]LogModuleManager: Shutting down and abandoning module MagicLeapAudio (194)
[2020.04.06-01.46.41:918][621]LogModuleManager: Shutting down and abandoning module BackChannel (192)
[2020.04.06-01.46.41:918][621]LogModuleManager: Shutting down and abandoning module AutomationUtils (190)
[2020.04.06-01.46.41:918][621]LogModuleManager: Shutting down and abandoning module GeometryCacheTracks (188)
[2020.04.06-01.46.41:918][621]LogModuleManager: Shutting down and abandoning module GeometryCache (186)
[2020.04.06-01.46.41:918][621]LogModuleManager: Shutting down and abandoning module UObjectPlugin (184)
[2020.04.06-01.46.41:918][621]LogModuleManager: Shutting down and abandoning module RandomRogue (182)
[2020.04.06-01.46.41:918][621]LogModuleManager: Shutting down and abandoning module RuntimePhysXCooking (180)
[2020.04.06-01.46.41:918][621]LogModuleManager: Shutting down and abandoning module LocationServicesBPLibrary (176)
[2020.04.06-01.46.41:918][621]LogModuleManager: Shutting down and abandoning module ActorSequence (174)
[2020.04.06-01.46.41:918][621]LogModuleManager: Shutting down and abandoning module UdpMessaging (172)
[2020.04.06-01.46.41:919][621]LogModuleManager: Shutting down and abandoning module TcpMessaging (170)
[2020.04.06-01.46.41:919][621]LogModuleManager: Shutting down and abandoning module MagicLeapPrivileges (168)
[2020.04.06-01.46.41:919][621]LogModuleManager: Shutting down and abandoning module MagicLeapPlanes (166)
[2020.04.06-01.46.41:919][621]LogModuleManager: Shutting down and abandoning module MagicLeapIdentity (164)
[2020.04.06-01.46.41:919][621]LogModuleManager: Shutting down and abandoning module MagicLeapSecureStorage (162)
[2020.04.06-01.46.41:919][621]LogModuleManager: Shutting down and abandoning module MagicLeapImageTracker (160)
[2020.04.06-01.46.41:919][621]LogModuleManager: Shutting down and abandoning module MagicLeapHandTracking (158)
[2020.04.06-01.46.41:919][621]LogModuleManager: Shutting down and abandoning module MagicLeapHandMeshing (156)
[2020.04.06-01.46.41:919][621]LogModuleManager: Shutting down and abandoning module MagicLeapEyeTracker (154)
[2020.04.06-01.46.41:919][621]LogModuleManager: Shutting down and abandoning module MagicLeapController (152)
[2020.04.06-01.46.41:919][621]LogSlate: Slate User Destroyed.  User Index 0, Is Virtual User: 0
[2020.04.06-01.46.41:919][621]LogModuleManager: Shutting down and abandoning module MagicLeapARPin (150)
[2020.04.06-01.46.41:919][621]LogModuleManager: Shutting down and abandoning module MagicLeapAR (148)
[2020.04.06-01.46.41:919][621]LogModuleManager: Shutting down and abandoning module AugmentedReality (147)
[2020.04.06-01.46.41:919][621]LogModuleManager: Shutting down and abandoning module FacialAnimation (144)
[2020.04.06-01.46.41:919][621]LogModuleManager: Shutting down and abandoning module SignificanceManager (142)
[2020.04.06-01.46.41:919][621]LogModuleManager: Shutting down and abandoning module AnimationSharing (140)
[2020.04.06-01.46.41:919][621]LogModuleManager: Shutting down and abandoning module LightPropagationVolumeRuntime (138)
[2020.04.06-01.46.41:919][621]LogModuleManager: Shutting down and abandoning module Paper2D (136)
[2020.04.06-01.46.41:919][621]LogModuleManager: Shutting down and abandoning module GameplayAbilities (134)
[2020.04.06-01.46.41:919][621]LogModuleManager: Shutting down and abandoning module GameplayDebugger (133)
[2020.04.06-01.46.41:919][621]LogModuleManager: Shutting down and abandoning module AdvancedSteamSessions (130)
[2020.04.06-01.46.41:919][621]LogModuleManager: Shutting down and abandoning module AdvancedSessions (128)
[2020.04.06-01.46.41:919][621]LogModuleManager: Shutting down and abandoning module DungeonArchitectRuntime (126)
[2020.04.06-01.46.41:919][621]LogModuleManager: Shutting down and abandoning module WindowsMoviePlayer (124)
[2020.04.06-01.46.41:921][621]LogModuleManager: Shutting down and abandoning module WebMMoviePlayer (122)
[2020.04.06-01.46.41:921][621]LogModuleManager: Shutting down and abandoning module NetworkReplayStreaming (120)
[2020.04.06-01.46.41:921][621]LogModuleManager: Shutting down and abandoning module PacketHandler (118)
[2020.04.06-01.46.41:921][621]LogModuleManager: Shutting down and abandoning module ClothingSystemRuntimeNv (116)
[2020.04.06-01.46.41:922][621]LogModuleManager: Shutting down and abandoning module MediaAssets (114)
[2020.04.06-01.46.41:922][621]LogModuleManager: Shutting down and abandoning module Overlay (112)
[2020.04.06-01.46.41:922][621]LogModuleManager: Shutting down and abandoning module FunctionalTesting (110)
[2020.04.06-01.46.41:922][621]LogModuleManager: Shutting down and abandoning module MessageLog (108)
[2020.04.06-01.46.41:923][621]LogModuleManager: Shutting down and abandoning module UMG (106)
[2020.04.06-01.46.41:923][621]LogModuleManager: Shutting down and abandoning module SlateReflector (104)
[2020.04.06-01.46.41:924][621]LogModuleManager: Shutting down and abandoning module Slate (102)
[2020.04.06-01.46.41:924][621]LogModuleManager: Shutting down and abandoning module SlateCore (100)
[2020.04.06-01.46.41:924][621]LogModuleManager: Shutting down and abandoning module MRMesh (98)
[2020.04.06-01.46.41:924][621]LogModuleManager: Shutting down and abandoning module Messaging (96)
[2020.04.06-01.46.41:924][621]LogModuleManager: Shutting down and abandoning module HeadMountedDisplay (94)
[2020.04.06-01.46.41:924][621]LogModuleManager: Shutting down and abandoning module XAudio2 (92)
[2020.04.06-01.46.41:924][621]LogModuleManager: Shutting down and abandoning module Networking (90)
[2020.04.06-01.46.41:924][621]LogModuleManager: Shutting down and abandoning module Core (88)
[2020.04.06-01.46.41:924][621]LogModuleManager: Shutting down and abandoning module ImageWrapper (84)
[2020.04.06-01.46.41:924][621]LogModuleManager: Shutting down and abandoning module InputCore (82)
[2020.04.06-01.46.41:924][621]LogModuleManager: Shutting down and abandoning module Settings (80)
[2020.04.06-01.46.41:924][621]LogModuleManager: Shutting down and abandoning module PhysXCooking (78)
[2020.04.06-01.46.41:924][621]LogModuleManager: Shutting down and abandoning module ChaosSolvers (76)
[2020.04.06-01.46.41:924][621]LogModuleManager: Shutting down and abandoning module FieldSystemEngine (75)
[2020.04.06-01.46.41:924][621]LogModuleManager: Shutting down and abandoning module Chaos (72)
[2020.04.06-01.46.41:924][621]LogModuleManager: Shutting down and abandoning module WindowsPlatformFeatures (70)
[2020.04.06-01.46.41:924][621]LogModuleManager: Shutting down and abandoning module GameplayMediaEncoder (69)
[2020.04.06-01.46.41:924][621]LogModuleManager: Shutting down and abandoning module ExampleDeviceProfileSelector (66)
[2020.04.06-01.46.41:924][621]LogModuleManager: Shutting down and abandoning module LauncherChunkInstaller (64)
[2020.04.06-01.46.41:925][621]LogModuleManager: Shutting down and abandoning module WmfMedia (62)
[2020.04.06-01.46.41:925][621]LogModuleManager: Shutting down and abandoning module Media (61)
[2020.04.06-01.46.41:925][621]LogModuleManager: Shutting down and abandoning module MagicLeap (58)
[2020.04.06-01.46.41:925][621]LogModuleManager: Shutting down and abandoning module VariantManagerContent (56)
[2020.04.06-01.46.41:925][621]LogModuleManager: Shutting down and abandoning module DatasmithContent (54)
[2020.04.06-01.46.41:926][621]LogModuleManager: Shutting down and abandoning module AISupportModule (52)
[2020.04.06-01.46.41:926][621]LogModuleManager: Shutting down and abandoning module OnlineSubsystem (48)
[2020.04.06-01.46.41:926][621]LogOnline: Display: STEAM: OnlineSubsystemSteam::Shutdown()
[2020.04.06-01.46.41:927][621]LogOnline: STEAM: AUTH: Revoking all tickets.
[2020.04.06-01.46.41:928][621]LogSteamShared: Unloading the Steam server API...
[2020.04.06-01.46.41:948][621]LogSteamShared: Unloading the Steam API...
[2020.04.06-01.46.42:033][621]LogOnline: Display: STEAM: OnlineSubsystemSteam::Shutdown()
[2020.04.06-01.46.42:034][621]LogModuleManager: Shutting down and abandoning module SteamShared (44)
[2020.04.06-01.46.42:034][621]LogSteamShared: Freeing the Steam Loaded Modules...
[2020.04.06-01.46.42:034][621]LogModuleManager: Shutting down and abandoning module HTTP (41)
[2020.04.06-01.46.42:066][621]LogModuleManager: Shutting down and abandoning module SSL (40)
[2020.04.06-01.46.42:067][621]LogModuleManager: Shutting down and abandoning module PlatformCryptoOpenSSL (36)
[2020.04.06-01.46.42:067][621]LogModuleManager: Shutting down and abandoning module PlatformCryptoTypes (34)
[2020.04.06-01.46.42:067][621]LogModuleManager: Shutting down and abandoning module PlatformCrypto (32)
[2020.04.06-01.46.42:067][621]LogModuleManager: Shutting down and abandoning module RenderCore (30)
[2020.04.06-01.46.42:067][621]LogModuleManager: Shutting down and abandoning module Landscape (28)
[2020.04.06-01.46.42:067][621]LogModuleManager: Shutting down and abandoning module SlateRHIRenderer (26)
[2020.04.06-01.46.42:069][621]LogModuleManager: Shutting down and abandoning module OpenGLDrv (24)
[2020.04.06-01.46.42:069][621]LogModuleManager: Shutting down and abandoning module D3D11RHI (22)
[2020.04.06-01.46.42:069][621]LogModuleManager: Shutting down and abandoning module AnimGraphRuntime (20)
[2020.04.06-01.46.42:069][621]LogModuleManager: Shutting down and abandoning module Renderer (18)
[2020.04.06-01.46.42:069][621]LogModuleManager: Shutting down and abandoning module Engine (16)
[2020.04.06-01.46.42:069][621]LogModuleManager: Shutting down and abandoning module CoreUObject (14)
[2020.04.06-01.46.42:069][621]LogModuleManager: Shutting down and abandoning module NetworkFile (12)
[2020.04.06-01.46.42:069][621]LogModuleManager: Shutting down and abandoning module CookedIterativeFile (10)
[2020.04.06-01.46.42:069][621]LogModuleManager: Shutting down and abandoning module StreamingFile (8)
[2020.04.06-01.46.42:069][621]LogModuleManager: Shutting down and abandoning module SandboxFile (6)
[2020.04.06-01.46.42:069][621]LogModuleManager: Shutting down and abandoning module PakFile (4)
[2020.04.06-01.46.42:070][621]LogModuleManager: Shutting down and abandoning module RSA (3)
[2020.04.06-01.46.42:072][621]LogD3D11RHI: Shutdown
[2020.04.06-01.46.42:072][621]LogD3D11RHI: CleanupD3DDevice
[2020.04.06-01.46.42:083][621]LogExit: Exiting.
[2020.04.06-01.46.42:094][621]Log file closed, 04/05/20 21:46:42
